<?xml version="1.0" encoding="UTF-8"?>
<testsuite xmlns:xsi="http://www.w3.org/2001/XMLSchema-instance" xsi:noNamespaceSchemaLocation="https://maven.apache.org/surefire/maven-surefire-plugin/xsd/surefire-test-report.xsd" name="com.example.ams.EventCaptureControllerIntegrationTest" time="3.442" tests="3" errors="0" skipped="0" failures="0">
  <properties>
    <property name="java.specification.version" value="17"/>
    <property name="sun.jnu.encoding" value="UTF-8"/>
    <property name="java.class.path" value="/Users/saicharan/Downloads/learning/ams/target/test-classes:/Users/saicharan/Downloads/learning/ams/target/classes:/Users/saicharan/.m2/repository/org/springframework/boot/spring-boot-starter-data-mongodb/3.0.7/spring-boot-starter-data-mongodb-3.0.7.jar:/Users/saicharan/.m2/repository/org/springframework/boot/spring-boot-starter/3.0.7/spring-boot-starter-3.0.7.jar:/Users/saicharan/.m2/repository/org/springframework/boot/spring-boot/3.0.7/spring-boot-3.0.7.jar:/Users/saicharan/.m2/repository/org/springframework/boot/spring-boot-autoconfigure/3.0.7/spring-boot-autoconfigure-3.0.7.jar:/Users/saicharan/.m2/repository/org/springframework/boot/spring-boot-starter-logging/3.0.7/spring-boot-starter-logging-3.0.7.jar:/Users/saicharan/.m2/repository/ch/qos/logback/logback-classic/1.4.7/logback-classic-1.4.7.jar:/Users/saicharan/.m2/repository/ch/qos/logback/logback-core/1.4.7/logback-core-1.4.7.jar:/Users/saicharan/.m2/repository/org/apache/logging/log4j/log4j-to-slf4j/2.19.0/log4j-to-slf4j-2.19.0.jar:/Users/saicharan/.m2/repository/org/apache/logging/log4j/log4j-api/2.19.0/log4j-api-2.19.0.jar:/Users/saicharan/.m2/repository/org/slf4j/jul-to-slf4j/2.0.7/jul-to-slf4j-2.0.7.jar:/Users/saicharan/.m2/repository/jakarta/annotation/jakarta.annotation-api/2.1.1/jakarta.annotation-api-2.1.1.jar:/Users/saicharan/.m2/repository/org/yaml/snakeyaml/1.33/snakeyaml-1.33.jar:/Users/saicharan/.m2/repository/org/mongodb/mongodb-driver-sync/4.8.2/mongodb-driver-sync-4.8.2.jar:/Users/saicharan/.m2/repository/org/mongodb/bson/4.8.2/bson-4.8.2.jar:/Users/saicharan/.m2/repository/org/mongodb/mongodb-driver-core/4.8.2/mongodb-driver-core-4.8.2.jar:/Users/saicharan/.m2/repository/org/mongodb/bson-record-codec/4.8.2/bson-record-codec-4.8.2.jar:/Users/saicharan/.m2/repository/org/springframework/data/spring-data-mongodb/4.0.6/spring-data-mongodb-4.0.6.jar:/Users/saicharan/.m2/repository/org/springframework/spring-beans/6.0.9/spring-beans-6.0.9.jar:/Users/saicharan/.m2/repository/org/springframework/spring-expression/6.0.9/spring-expression-6.0.9.jar:/Users/saicharan/.m2/repository/org/springframework/data/spring-data-commons/3.0.6/spring-data-commons-3.0.6.jar:/Users/saicharan/.m2/repository/org/slf4j/slf4j-api/2.0.7/slf4j-api-2.0.7.jar:/Users/saicharan/.m2/repository/de/flapdoodle/embed/de.flapdoodle.embed.mongo.spring30x/4.5.2/de.flapdoodle.embed.mongo.spring30x-4.5.2.jar:/Users/saicharan/.m2/repository/de/flapdoodle/embed/de.flapdoodle.embed.mongo/4.5.1/de.flapdoodle.embed.mongo-4.5.1.jar:/Users/saicharan/.m2/repository/de/flapdoodle/embed/de.flapdoodle.embed.process/4.5.0/de.flapdoodle.embed.process-4.5.0.jar:/Users/saicharan/.m2/repository/de/flapdoodle/reverse/de.flapdoodle.reverse/1.5.2/de.flapdoodle.reverse-1.5.2.jar:/Users/saicharan/.m2/repository/de/flapdoodle/graph/de.flapdoodle.graph/1.2.3/de.flapdoodle.graph-1.2.3.jar:/Users/saicharan/.m2/repository/org/jgrapht/jgrapht-core/1.4.0/jgrapht-core-1.4.0.jar:/Users/saicharan/.m2/repository/org/jheaps/jheaps/0.11/jheaps-0.11.jar:/Users/saicharan/.m2/repository/de/flapdoodle/java8/de.flapdoodle.java8/1.3.2/de.flapdoodle.java8-1.3.2.jar:/Users/saicharan/.m2/repository/org/apache/commons/commons-lang3/3.12.0/commons-lang3-3.12.0.jar:/Users/saicharan/.m2/repository/org/apache/commons/commons-compress/1.22/commons-compress-1.22.jar:/Users/saicharan/.m2/repository/net/java/dev/jna/jna/5.13.0/jna-5.13.0.jar:/Users/saicharan/.m2/repository/net/java/dev/jna/jna-platform/5.13.0/jna-platform-5.13.0.jar:/Users/saicharan/.m2/repository/de/flapdoodle/de.flapdoodle.os/1.2.7/de.flapdoodle.os-1.2.7.jar:/Users/saicharan/.m2/repository/de/flapdoodle/embed/de.flapdoodle.embed.mongo.packageresolver/4.4.1/de.flapdoodle.embed.mongo.packageresolver-4.4.1.jar:/Users/saicharan/.m2/repository/org/springframework/boot/spring-boot-properties-migrator/3.0.7/spring-boot-properties-migrator-3.0.7.jar:/Users/saicharan/.m2/repository/org/springframework/boot/spring-boot-configuration-metadata/3.0.7/spring-boot-configuration-metadata-3.0.7.jar:/Users/saicharan/.m2/repository/org/springframework/boot/spring-boot-starter-web/3.0.7/spring-boot-starter-web-3.0.7.jar:/Users/saicharan/.m2/repository/org/springframework/boot/spring-boot-starter-json/3.0.7/spring-boot-starter-json-3.0.7.jar:/Users/saicharan/.m2/repository/com/fasterxml/jackson/core/jackson-databind/2.14.3/jackson-databind-2.14.3.jar:/Users/saicharan/.m2/repository/com/fasterxml/jackson/core/jackson-annotations/2.14.3/jackson-annotations-2.14.3.jar:/Users/saicharan/.m2/repository/com/fasterxml/jackson/core/jackson-core/2.14.3/jackson-core-2.14.3.jar:/Users/saicharan/.m2/repository/com/fasterxml/jackson/datatype/jackson-datatype-jdk8/2.14.3/jackson-datatype-jdk8-2.14.3.jar:/Users/saicharan/.m2/repository/com/fasterxml/jackson/datatype/jackson-datatype-jsr310/2.14.3/jackson-datatype-jsr310-2.14.3.jar:/Users/saicharan/.m2/repository/com/fasterxml/jackson/module/jackson-module-parameter-names/2.14.3/jackson-module-parameter-names-2.14.3.jar:/Users/saicharan/.m2/repository/org/springframework/boot/spring-boot-starter-tomcat/3.0.7/spring-boot-starter-tomcat-3.0.7.jar:/Users/saicharan/.m2/repository/org/apache/tomcat/embed/tomcat-embed-core/10.1.8/tomcat-embed-core-10.1.8.jar:/Users/saicharan/.m2/repository/org/apache/tomcat/embed/tomcat-embed-el/10.1.8/tomcat-embed-el-10.1.8.jar:/Users/saicharan/.m2/repository/org/apache/tomcat/embed/tomcat-embed-websocket/10.1.8/tomcat-embed-websocket-10.1.8.jar:/Users/saicharan/.m2/repository/org/springframework/spring-web/6.0.9/spring-web-6.0.9.jar:/Users/saicharan/.m2/repository/org/springframework/spring-webmvc/6.0.9/spring-webmvc-6.0.9.jar:/Users/saicharan/.m2/repository/org/springframework/spring-aop/6.0.9/spring-aop-6.0.9.jar:/Users/saicharan/.m2/repository/org/springframework/kafka/spring-kafka/3.0.7/spring-kafka-3.0.7.jar:/Users/saicharan/.m2/repository/org/springframework/spring-context/6.0.9/spring-context-6.0.9.jar:/Users/saicharan/.m2/repository/org/springframework/spring-messaging/6.0.9/spring-messaging-6.0.9.jar:/Users/saicharan/.m2/repository/org/springframework/spring-tx/6.0.9/spring-tx-6.0.9.jar:/Users/saicharan/.m2/repository/org/springframework/retry/spring-retry/2.0.1/spring-retry-2.0.1.jar:/Users/saicharan/.m2/repository/org/apache/kafka/kafka-clients/3.3.2/kafka-clients-3.3.2.jar:/Users/saicharan/.m2/repository/com/github/luben/zstd-jni/1.5.2-1/zstd-jni-1.5.2-1.jar:/Users/saicharan/.m2/repository/org/lz4/lz4-java/1.8.0/lz4-java-1.8.0.jar:/Users/saicharan/.m2/repository/org/xerial/snappy/snappy-java/1.1.8.4/snappy-java-1.1.8.4.jar:/Users/saicharan/.m2/repository/io/micrometer/micrometer-observation/1.10.7/micrometer-observation-1.10.7.jar:/Users/saicharan/.m2/repository/io/micrometer/micrometer-commons/1.10.7/micrometer-commons-1.10.7.jar:/Users/saicharan/.m2/repository/com/google/code/findbugs/jsr305/3.0.2/jsr305-3.0.2.jar:/Users/saicharan/.m2/repository/org/projectlombok/lombok/1.18.26/lombok-1.18.26.jar:/Users/saicharan/.m2/repository/org/springframework/boot/spring-boot-starter-test/3.0.7/spring-boot-starter-test-3.0.7.jar:/Users/saicharan/.m2/repository/org/springframework/boot/spring-boot-test/3.0.7/spring-boot-test-3.0.7.jar:/Users/saicharan/.m2/repository/org/springframework/boot/spring-boot-test-autoconfigure/3.0.7/spring-boot-test-autoconfigure-3.0.7.jar:/Users/saicharan/.m2/repository/com/jayway/jsonpath/json-path/2.7.0/json-path-2.7.0.jar:/Users/saicharan/.m2/repository/net/minidev/json-smart/2.4.11/json-smart-2.4.11.jar:/Users/saicharan/.m2/repository/net/minidev/accessors-smart/2.4.11/accessors-smart-2.4.11.jar:/Users/saicharan/.m2/repository/org/ow2/asm/asm/9.3/asm-9.3.jar:/Users/saicharan/.m2/repository/jakarta/xml/bind/jakarta.xml.bind-api/4.0.0/jakarta.xml.bind-api-4.0.0.jar:/Users/saicharan/.m2/repository/jakarta/activation/jakarta.activation-api/2.1.2/jakarta.activation-api-2.1.2.jar:/Users/saicharan/.m2/repository/org/assertj/assertj-core/3.23.1/assertj-core-3.23.1.jar:/Users/saicharan/.m2/repository/net/bytebuddy/byte-buddy/1.12.23/byte-buddy-1.12.23.jar:/Users/saicharan/.m2/repository/org/hamcrest/hamcrest/2.2/hamcrest-2.2.jar:/Users/saicharan/.m2/repository/org/junit/jupiter/junit-jupiter/5.9.3/junit-jupiter-5.9.3.jar:/Users/saicharan/.m2/repository/org/junit/jupiter/junit-jupiter-params/5.9.3/junit-jupiter-params-5.9.3.jar:/Users/saicharan/.m2/repository/org/junit/jupiter/junit-jupiter-engine/5.9.3/junit-jupiter-engine-5.9.3.jar:/Users/saicharan/.m2/repository/org/mockito/mockito-core/4.8.1/mockito-core-4.8.1.jar:/Users/saicharan/.m2/repository/net/bytebuddy/byte-buddy-agent/1.12.23/byte-buddy-agent-1.12.23.jar:/Users/saicharan/.m2/repository/org/objenesis/objenesis/3.2/objenesis-3.2.jar:/Users/saicharan/.m2/repository/org/mockito/mockito-junit-jupiter/4.8.1/mockito-junit-jupiter-4.8.1.jar:/Users/saicharan/.m2/repository/org/skyscreamer/jsonassert/1.5.1/jsonassert-1.5.1.jar:/Users/saicharan/.m2/repository/com/vaadin/external/google/android-json/0.0.20131108.vaadin1/android-json-0.0.20131108.vaadin1.jar:/Users/saicharan/.m2/repository/org/springframework/spring-core/6.0.9/spring-core-6.0.9.jar:/Users/saicharan/.m2/repository/org/springframework/spring-jcl/6.0.9/spring-jcl-6.0.9.jar:/Users/saicharan/.m2/repository/org/springframework/spring-test/6.0.9/spring-test-6.0.9.jar:/Users/saicharan/.m2/repository/org/xmlunit/xmlunit-core/2.9.1/xmlunit-core-2.9.1.jar:/Users/saicharan/.m2/repository/org/springframework/kafka/spring-kafka-test/3.0.7/spring-kafka-test-3.0.7.jar:/Users/saicharan/.m2/repository/org/apache/zookeeper/zookeeper/3.6.3/zookeeper-3.6.3.jar:/Users/saicharan/.m2/repository/org/apache/zookeeper/zookeeper-jute/3.6.3/zookeeper-jute-3.6.3.jar:/Users/saicharan/.m2/repository/org/apache/yetus/audience-annotations/0.5.0/audience-annotations-0.5.0.jar:/Users/saicharan/.m2/repository/io/netty/netty-handler/4.1.92.Final/netty-handler-4.1.92.Final.jar:/Users/saicharan/.m2/repository/io/netty/netty-common/4.1.92.Final/netty-common-4.1.92.Final.jar:/Users/saicharan/.m2/repository/io/netty/netty-resolver/4.1.92.Final/netty-resolver-4.1.92.Final.jar:/Users/saicharan/.m2/repository/io/netty/netty-buffer/4.1.92.Final/netty-buffer-4.1.92.Final.jar:/Users/saicharan/.m2/repository/io/netty/netty-transport/4.1.92.Final/netty-transport-4.1.92.Final.jar:/Users/saicharan/.m2/repository/io/netty/netty-transport-native-unix-common/4.1.92.Final/netty-transport-native-unix-common-4.1.92.Final.jar:/Users/saicharan/.m2/repository/io/netty/netty-codec/4.1.92.Final/netty-codec-4.1.92.Final.jar:/Users/saicharan/.m2/repository/io/netty/netty-transport-native-epoll/4.1.92.Final/netty-transport-native-epoll-4.1.92.Final.jar:/Users/saicharan/.m2/repository/io/netty/netty-transport-classes-epoll/4.1.92.Final/netty-transport-classes-epoll-4.1.92.Final.jar:/Users/saicharan/.m2/repository/org/apache/kafka/kafka-clients/3.3.2/kafka-clients-3.3.2-test.jar:/Users/saicharan/.m2/repository/org/apache/kafka/kafka-metadata/3.3.2/kafka-metadata-3.3.2.jar:/Users/saicharan/.m2/repository/org/apache/kafka/kafka-server-common/3.3.2/kafka-server-common-3.3.2.jar:/Users/saicharan/.m2/repository/org/apache/kafka/kafka-raft/3.3.2/kafka-raft-3.3.2.jar:/Users/saicharan/.m2/repository/com/yammer/metrics/metrics-core/2.2.0/metrics-core-2.2.0.jar:/Users/saicharan/.m2/repository/org/apache/kafka/kafka-streams-test-utils/3.3.2/kafka-streams-test-utils-3.3.2.jar:/Users/saicharan/.m2/repository/org/apache/kafka/kafka-streams/3.3.2/kafka-streams-3.3.2.jar:/Users/saicharan/.m2/repository/org/rocksdb/rocksdbjni/7.1.2/rocksdbjni-7.1.2.jar:/Users/saicharan/.m2/repository/org/apache/kafka/kafka_2.13/3.3.2/kafka_2.13-3.3.2.jar:/Users/saicharan/.m2/repository/org/scala-lang/scala-library/2.13.8/scala-library-2.13.8.jar:/Users/saicharan/.m2/repository/org/apache/kafka/kafka-storage/3.3.2/kafka-storage-3.3.2.jar:/Users/saicharan/.m2/repository/org/apache/kafka/kafka-storage-api/3.3.2/kafka-storage-api-3.3.2.jar:/Users/saicharan/.m2/repository/net/sourceforge/argparse4j/argparse4j/0.7.0/argparse4j-0.7.0.jar:/Users/saicharan/.m2/repository/com/fasterxml/jackson/module/jackson-module-scala_2.13/2.14.3/jackson-module-scala_2.13-2.14.3.jar:/Users/saicharan/.m2/repository/com/thoughtworks/paranamer/paranamer/2.8/paranamer-2.8.jar:/Users/saicharan/.m2/repository/com/fasterxml/jackson/dataformat/jackson-dataformat-csv/2.14.3/jackson-dataformat-csv-2.14.3.jar:/Users/saicharan/.m2/repository/net/sf/jopt-simple/jopt-simple/5.0.4/jopt-simple-5.0.4.jar:/Users/saicharan/.m2/repository/org/bitbucket/b_c/jose4j/0.7.9/jose4j-0.7.9.jar:/Users/saicharan/.m2/repository/org/scala-lang/modules/scala-collection-compat_2.13/2.6.0/scala-collection-compat_2.13-2.6.0.jar:/Users/saicharan/.m2/repository/org/scala-lang/modules/scala-java8-compat_2.13/1.0.2/scala-java8-compat_2.13-1.0.2.jar:/Users/saicharan/.m2/repository/org/scala-lang/scala-reflect/2.13.8/scala-reflect-2.13.8.jar:/Users/saicharan/.m2/repository/com/typesafe/scala-logging/scala-logging_2.13/3.9.4/scala-logging_2.13-3.9.4.jar:/Users/saicharan/.m2/repository/io/dropwizard/metrics/metrics-core/4.2.18/metrics-core-4.2.18.jar:/Users/saicharan/.m2/repository/commons-cli/commons-cli/1.4/commons-cli-1.4.jar:/Users/saicharan/.m2/repository/org/apache/kafka/kafka_2.13/3.3.2/kafka_2.13-3.3.2-test.jar:/Users/saicharan/.m2/repository/org/junit/jupiter/junit-jupiter-api/5.9.3/junit-jupiter-api-5.9.3.jar:/Users/saicharan/.m2/repository/org/opentest4j/opentest4j/1.2.0/opentest4j-1.2.0.jar:/Users/saicharan/.m2/repository/org/junit/platform/junit-platform-commons/1.9.3/junit-platform-commons-1.9.3.jar:/Users/saicharan/.m2/repository/org/apiguardian/apiguardian-api/1.1.2/apiguardian-api-1.1.2.jar:/Users/saicharan/.m2/repository/org/junit/platform/junit-platform-launcher/1.9.3/junit-platform-launcher-1.9.3.jar:/Users/saicharan/.m2/repository/org/junit/platform/junit-platform-engine/1.9.3/junit-platform-engine-1.9.3.jar:"/>
    <property name="java.vm.vendor" value="Oracle Corporation"/>
    <property name="sun.arch.data.model" value="64"/>
    <property name="java.vendor.url" value="https://java.oracle.com/"/>
    <property name="os.name" value="Mac OS X"/>
    <property name="java.vm.specification.version" value="17"/>
    <property name="sun.java.launcher" value="SUN_STANDARD"/>
    <property name="user.country" value="IN"/>
    <property name="sun.boot.library.path" value="/Library/Java/JavaVirtualMachines/jdk-17.jdk/Contents/Home/lib"/>
    <property name="sun.java.command" value="/Users/saicharan/Downloads/learning/ams/target/surefire/surefirebooter16936027129722557173.jar /Users/saicharan/Downloads/learning/ams/target/surefire 2023-09-17T00-38-17_495-jvmRun1 surefire6004607062992417997tmp surefire_011555873289237797774tmp"/>
    <property name="http.nonProxyHosts" value="local|*.local|169.254/16|*.169.254/16"/>
    <property name="jdk.debug" value="release"/>
    <property name="surefire.test.class.path" value="/Users/saicharan/Downloads/learning/ams/target/test-classes:/Users/saicharan/Downloads/learning/ams/target/classes:/Users/saicharan/.m2/repository/org/springframework/boot/spring-boot-starter-data-mongodb/3.0.7/spring-boot-starter-data-mongodb-3.0.7.jar:/Users/saicharan/.m2/repository/org/springframework/boot/spring-boot-starter/3.0.7/spring-boot-starter-3.0.7.jar:/Users/saicharan/.m2/repository/org/springframework/boot/spring-boot/3.0.7/spring-boot-3.0.7.jar:/Users/saicharan/.m2/repository/org/springframework/boot/spring-boot-autoconfigure/3.0.7/spring-boot-autoconfigure-3.0.7.jar:/Users/saicharan/.m2/repository/org/springframework/boot/spring-boot-starter-logging/3.0.7/spring-boot-starter-logging-3.0.7.jar:/Users/saicharan/.m2/repository/ch/qos/logback/logback-classic/1.4.7/logback-classic-1.4.7.jar:/Users/saicharan/.m2/repository/ch/qos/logback/logback-core/1.4.7/logback-core-1.4.7.jar:/Users/saicharan/.m2/repository/org/apache/logging/log4j/log4j-to-slf4j/2.19.0/log4j-to-slf4j-2.19.0.jar:/Users/saicharan/.m2/repository/org/apache/logging/log4j/log4j-api/2.19.0/log4j-api-2.19.0.jar:/Users/saicharan/.m2/repository/org/slf4j/jul-to-slf4j/2.0.7/jul-to-slf4j-2.0.7.jar:/Users/saicharan/.m2/repository/jakarta/annotation/jakarta.annotation-api/2.1.1/jakarta.annotation-api-2.1.1.jar:/Users/saicharan/.m2/repository/org/yaml/snakeyaml/1.33/snakeyaml-1.33.jar:/Users/saicharan/.m2/repository/org/mongodb/mongodb-driver-sync/4.8.2/mongodb-driver-sync-4.8.2.jar:/Users/saicharan/.m2/repository/org/mongodb/bson/4.8.2/bson-4.8.2.jar:/Users/saicharan/.m2/repository/org/mongodb/mongodb-driver-core/4.8.2/mongodb-driver-core-4.8.2.jar:/Users/saicharan/.m2/repository/org/mongodb/bson-record-codec/4.8.2/bson-record-codec-4.8.2.jar:/Users/saicharan/.m2/repository/org/springframework/data/spring-data-mongodb/4.0.6/spring-data-mongodb-4.0.6.jar:/Users/saicharan/.m2/repository/org/springframework/spring-beans/6.0.9/spring-beans-6.0.9.jar:/Users/saicharan/.m2/repository/org/springframework/spring-expression/6.0.9/spring-expression-6.0.9.jar:/Users/saicharan/.m2/repository/org/springframework/data/spring-data-commons/3.0.6/spring-data-commons-3.0.6.jar:/Users/saicharan/.m2/repository/org/slf4j/slf4j-api/2.0.7/slf4j-api-2.0.7.jar:/Users/saicharan/.m2/repository/de/flapdoodle/embed/de.flapdoodle.embed.mongo.spring30x/4.5.2/de.flapdoodle.embed.mongo.spring30x-4.5.2.jar:/Users/saicharan/.m2/repository/de/flapdoodle/embed/de.flapdoodle.embed.mongo/4.5.1/de.flapdoodle.embed.mongo-4.5.1.jar:/Users/saicharan/.m2/repository/de/flapdoodle/embed/de.flapdoodle.embed.process/4.5.0/de.flapdoodle.embed.process-4.5.0.jar:/Users/saicharan/.m2/repository/de/flapdoodle/reverse/de.flapdoodle.reverse/1.5.2/de.flapdoodle.reverse-1.5.2.jar:/Users/saicharan/.m2/repository/de/flapdoodle/graph/de.flapdoodle.graph/1.2.3/de.flapdoodle.graph-1.2.3.jar:/Users/saicharan/.m2/repository/org/jgrapht/jgrapht-core/1.4.0/jgrapht-core-1.4.0.jar:/Users/saicharan/.m2/repository/org/jheaps/jheaps/0.11/jheaps-0.11.jar:/Users/saicharan/.m2/repository/de/flapdoodle/java8/de.flapdoodle.java8/1.3.2/de.flapdoodle.java8-1.3.2.jar:/Users/saicharan/.m2/repository/org/apache/commons/commons-lang3/3.12.0/commons-lang3-3.12.0.jar:/Users/saicharan/.m2/repository/org/apache/commons/commons-compress/1.22/commons-compress-1.22.jar:/Users/saicharan/.m2/repository/net/java/dev/jna/jna/5.13.0/jna-5.13.0.jar:/Users/saicharan/.m2/repository/net/java/dev/jna/jna-platform/5.13.0/jna-platform-5.13.0.jar:/Users/saicharan/.m2/repository/de/flapdoodle/de.flapdoodle.os/1.2.7/de.flapdoodle.os-1.2.7.jar:/Users/saicharan/.m2/repository/de/flapdoodle/embed/de.flapdoodle.embed.mongo.packageresolver/4.4.1/de.flapdoodle.embed.mongo.packageresolver-4.4.1.jar:/Users/saicharan/.m2/repository/org/springframework/boot/spring-boot-properties-migrator/3.0.7/spring-boot-properties-migrator-3.0.7.jar:/Users/saicharan/.m2/repository/org/springframework/boot/spring-boot-configuration-metadata/3.0.7/spring-boot-configuration-metadata-3.0.7.jar:/Users/saicharan/.m2/repository/org/springframework/boot/spring-boot-starter-web/3.0.7/spring-boot-starter-web-3.0.7.jar:/Users/saicharan/.m2/repository/org/springframework/boot/spring-boot-starter-json/3.0.7/spring-boot-starter-json-3.0.7.jar:/Users/saicharan/.m2/repository/com/fasterxml/jackson/core/jackson-databind/2.14.3/jackson-databind-2.14.3.jar:/Users/saicharan/.m2/repository/com/fasterxml/jackson/core/jackson-annotations/2.14.3/jackson-annotations-2.14.3.jar:/Users/saicharan/.m2/repository/com/fasterxml/jackson/core/jackson-core/2.14.3/jackson-core-2.14.3.jar:/Users/saicharan/.m2/repository/com/fasterxml/jackson/datatype/jackson-datatype-jdk8/2.14.3/jackson-datatype-jdk8-2.14.3.jar:/Users/saicharan/.m2/repository/com/fasterxml/jackson/datatype/jackson-datatype-jsr310/2.14.3/jackson-datatype-jsr310-2.14.3.jar:/Users/saicharan/.m2/repository/com/fasterxml/jackson/module/jackson-module-parameter-names/2.14.3/jackson-module-parameter-names-2.14.3.jar:/Users/saicharan/.m2/repository/org/springframework/boot/spring-boot-starter-tomcat/3.0.7/spring-boot-starter-tomcat-3.0.7.jar:/Users/saicharan/.m2/repository/org/apache/tomcat/embed/tomcat-embed-core/10.1.8/tomcat-embed-core-10.1.8.jar:/Users/saicharan/.m2/repository/org/apache/tomcat/embed/tomcat-embed-el/10.1.8/tomcat-embed-el-10.1.8.jar:/Users/saicharan/.m2/repository/org/apache/tomcat/embed/tomcat-embed-websocket/10.1.8/tomcat-embed-websocket-10.1.8.jar:/Users/saicharan/.m2/repository/org/springframework/spring-web/6.0.9/spring-web-6.0.9.jar:/Users/saicharan/.m2/repository/org/springframework/spring-webmvc/6.0.9/spring-webmvc-6.0.9.jar:/Users/saicharan/.m2/repository/org/springframework/spring-aop/6.0.9/spring-aop-6.0.9.jar:/Users/saicharan/.m2/repository/org/springframework/kafka/spring-kafka/3.0.7/spring-kafka-3.0.7.jar:/Users/saicharan/.m2/repository/org/springframework/spring-context/6.0.9/spring-context-6.0.9.jar:/Users/saicharan/.m2/repository/org/springframework/spring-messaging/6.0.9/spring-messaging-6.0.9.jar:/Users/saicharan/.m2/repository/org/springframework/spring-tx/6.0.9/spring-tx-6.0.9.jar:/Users/saicharan/.m2/repository/org/springframework/retry/spring-retry/2.0.1/spring-retry-2.0.1.jar:/Users/saicharan/.m2/repository/org/apache/kafka/kafka-clients/3.3.2/kafka-clients-3.3.2.jar:/Users/saicharan/.m2/repository/com/github/luben/zstd-jni/1.5.2-1/zstd-jni-1.5.2-1.jar:/Users/saicharan/.m2/repository/org/lz4/lz4-java/1.8.0/lz4-java-1.8.0.jar:/Users/saicharan/.m2/repository/org/xerial/snappy/snappy-java/1.1.8.4/snappy-java-1.1.8.4.jar:/Users/saicharan/.m2/repository/io/micrometer/micrometer-observation/1.10.7/micrometer-observation-1.10.7.jar:/Users/saicharan/.m2/repository/io/micrometer/micrometer-commons/1.10.7/micrometer-commons-1.10.7.jar:/Users/saicharan/.m2/repository/com/google/code/findbugs/jsr305/3.0.2/jsr305-3.0.2.jar:/Users/saicharan/.m2/repository/org/projectlombok/lombok/1.18.26/lombok-1.18.26.jar:/Users/saicharan/.m2/repository/org/springframework/boot/spring-boot-starter-test/3.0.7/spring-boot-starter-test-3.0.7.jar:/Users/saicharan/.m2/repository/org/springframework/boot/spring-boot-test/3.0.7/spring-boot-test-3.0.7.jar:/Users/saicharan/.m2/repository/org/springframework/boot/spring-boot-test-autoconfigure/3.0.7/spring-boot-test-autoconfigure-3.0.7.jar:/Users/saicharan/.m2/repository/com/jayway/jsonpath/json-path/2.7.0/json-path-2.7.0.jar:/Users/saicharan/.m2/repository/net/minidev/json-smart/2.4.11/json-smart-2.4.11.jar:/Users/saicharan/.m2/repository/net/minidev/accessors-smart/2.4.11/accessors-smart-2.4.11.jar:/Users/saicharan/.m2/repository/org/ow2/asm/asm/9.3/asm-9.3.jar:/Users/saicharan/.m2/repository/jakarta/xml/bind/jakarta.xml.bind-api/4.0.0/jakarta.xml.bind-api-4.0.0.jar:/Users/saicharan/.m2/repository/jakarta/activation/jakarta.activation-api/2.1.2/jakarta.activation-api-2.1.2.jar:/Users/saicharan/.m2/repository/org/assertj/assertj-core/3.23.1/assertj-core-3.23.1.jar:/Users/saicharan/.m2/repository/net/bytebuddy/byte-buddy/1.12.23/byte-buddy-1.12.23.jar:/Users/saicharan/.m2/repository/org/hamcrest/hamcrest/2.2/hamcrest-2.2.jar:/Users/saicharan/.m2/repository/org/junit/jupiter/junit-jupiter/5.9.3/junit-jupiter-5.9.3.jar:/Users/saicharan/.m2/repository/org/junit/jupiter/junit-jupiter-params/5.9.3/junit-jupiter-params-5.9.3.jar:/Users/saicharan/.m2/repository/org/junit/jupiter/junit-jupiter-engine/5.9.3/junit-jupiter-engine-5.9.3.jar:/Users/saicharan/.m2/repository/org/mockito/mockito-core/4.8.1/mockito-core-4.8.1.jar:/Users/saicharan/.m2/repository/net/bytebuddy/byte-buddy-agent/1.12.23/byte-buddy-agent-1.12.23.jar:/Users/saicharan/.m2/repository/org/objenesis/objenesis/3.2/objenesis-3.2.jar:/Users/saicharan/.m2/repository/org/mockito/mockito-junit-jupiter/4.8.1/mockito-junit-jupiter-4.8.1.jar:/Users/saicharan/.m2/repository/org/skyscreamer/jsonassert/1.5.1/jsonassert-1.5.1.jar:/Users/saicharan/.m2/repository/com/vaadin/external/google/android-json/0.0.20131108.vaadin1/android-json-0.0.20131108.vaadin1.jar:/Users/saicharan/.m2/repository/org/springframework/spring-core/6.0.9/spring-core-6.0.9.jar:/Users/saicharan/.m2/repository/org/springframework/spring-jcl/6.0.9/spring-jcl-6.0.9.jar:/Users/saicharan/.m2/repository/org/springframework/spring-test/6.0.9/spring-test-6.0.9.jar:/Users/saicharan/.m2/repository/org/xmlunit/xmlunit-core/2.9.1/xmlunit-core-2.9.1.jar:/Users/saicharan/.m2/repository/org/springframework/kafka/spring-kafka-test/3.0.7/spring-kafka-test-3.0.7.jar:/Users/saicharan/.m2/repository/org/apache/zookeeper/zookeeper/3.6.3/zookeeper-3.6.3.jar:/Users/saicharan/.m2/repository/org/apache/zookeeper/zookeeper-jute/3.6.3/zookeeper-jute-3.6.3.jar:/Users/saicharan/.m2/repository/org/apache/yetus/audience-annotations/0.5.0/audience-annotations-0.5.0.jar:/Users/saicharan/.m2/repository/io/netty/netty-handler/4.1.92.Final/netty-handler-4.1.92.Final.jar:/Users/saicharan/.m2/repository/io/netty/netty-common/4.1.92.Final/netty-common-4.1.92.Final.jar:/Users/saicharan/.m2/repository/io/netty/netty-resolver/4.1.92.Final/netty-resolver-4.1.92.Final.jar:/Users/saicharan/.m2/repository/io/netty/netty-buffer/4.1.92.Final/netty-buffer-4.1.92.Final.jar:/Users/saicharan/.m2/repository/io/netty/netty-transport/4.1.92.Final/netty-transport-4.1.92.Final.jar:/Users/saicharan/.m2/repository/io/netty/netty-transport-native-unix-common/4.1.92.Final/netty-transport-native-unix-common-4.1.92.Final.jar:/Users/saicharan/.m2/repository/io/netty/netty-codec/4.1.92.Final/netty-codec-4.1.92.Final.jar:/Users/saicharan/.m2/repository/io/netty/netty-transport-native-epoll/4.1.92.Final/netty-transport-native-epoll-4.1.92.Final.jar:/Users/saicharan/.m2/repository/io/netty/netty-transport-classes-epoll/4.1.92.Final/netty-transport-classes-epoll-4.1.92.Final.jar:/Users/saicharan/.m2/repository/org/apache/kafka/kafka-clients/3.3.2/kafka-clients-3.3.2-test.jar:/Users/saicharan/.m2/repository/org/apache/kafka/kafka-metadata/3.3.2/kafka-metadata-3.3.2.jar:/Users/saicharan/.m2/repository/org/apache/kafka/kafka-server-common/3.3.2/kafka-server-common-3.3.2.jar:/Users/saicharan/.m2/repository/org/apache/kafka/kafka-raft/3.3.2/kafka-raft-3.3.2.jar:/Users/saicharan/.m2/repository/com/yammer/metrics/metrics-core/2.2.0/metrics-core-2.2.0.jar:/Users/saicharan/.m2/repository/org/apache/kafka/kafka-streams-test-utils/3.3.2/kafka-streams-test-utils-3.3.2.jar:/Users/saicharan/.m2/repository/org/apache/kafka/kafka-streams/3.3.2/kafka-streams-3.3.2.jar:/Users/saicharan/.m2/repository/org/rocksdb/rocksdbjni/7.1.2/rocksdbjni-7.1.2.jar:/Users/saicharan/.m2/repository/org/apache/kafka/kafka_2.13/3.3.2/kafka_2.13-3.3.2.jar:/Users/saicharan/.m2/repository/org/scala-lang/scala-library/2.13.8/scala-library-2.13.8.jar:/Users/saicharan/.m2/repository/org/apache/kafka/kafka-storage/3.3.2/kafka-storage-3.3.2.jar:/Users/saicharan/.m2/repository/org/apache/kafka/kafka-storage-api/3.3.2/kafka-storage-api-3.3.2.jar:/Users/saicharan/.m2/repository/net/sourceforge/argparse4j/argparse4j/0.7.0/argparse4j-0.7.0.jar:/Users/saicharan/.m2/repository/com/fasterxml/jackson/module/jackson-module-scala_2.13/2.14.3/jackson-module-scala_2.13-2.14.3.jar:/Users/saicharan/.m2/repository/com/thoughtworks/paranamer/paranamer/2.8/paranamer-2.8.jar:/Users/saicharan/.m2/repository/com/fasterxml/jackson/dataformat/jackson-dataformat-csv/2.14.3/jackson-dataformat-csv-2.14.3.jar:/Users/saicharan/.m2/repository/net/sf/jopt-simple/jopt-simple/5.0.4/jopt-simple-5.0.4.jar:/Users/saicharan/.m2/repository/org/bitbucket/b_c/jose4j/0.7.9/jose4j-0.7.9.jar:/Users/saicharan/.m2/repository/org/scala-lang/modules/scala-collection-compat_2.13/2.6.0/scala-collection-compat_2.13-2.6.0.jar:/Users/saicharan/.m2/repository/org/scala-lang/modules/scala-java8-compat_2.13/1.0.2/scala-java8-compat_2.13-1.0.2.jar:/Users/saicharan/.m2/repository/org/scala-lang/scala-reflect/2.13.8/scala-reflect-2.13.8.jar:/Users/saicharan/.m2/repository/com/typesafe/scala-logging/scala-logging_2.13/3.9.4/scala-logging_2.13-3.9.4.jar:/Users/saicharan/.m2/repository/io/dropwizard/metrics/metrics-core/4.2.18/metrics-core-4.2.18.jar:/Users/saicharan/.m2/repository/commons-cli/commons-cli/1.4/commons-cli-1.4.jar:/Users/saicharan/.m2/repository/org/apache/kafka/kafka_2.13/3.3.2/kafka_2.13-3.3.2-test.jar:/Users/saicharan/.m2/repository/org/junit/jupiter/junit-jupiter-api/5.9.3/junit-jupiter-api-5.9.3.jar:/Users/saicharan/.m2/repository/org/opentest4j/opentest4j/1.2.0/opentest4j-1.2.0.jar:/Users/saicharan/.m2/repository/org/junit/platform/junit-platform-commons/1.9.3/junit-platform-commons-1.9.3.jar:/Users/saicharan/.m2/repository/org/apiguardian/apiguardian-api/1.1.2/apiguardian-api-1.1.2.jar:/Users/saicharan/.m2/repository/org/junit/platform/junit-platform-launcher/1.9.3/junit-platform-launcher-1.9.3.jar:/Users/saicharan/.m2/repository/org/junit/platform/junit-platform-engine/1.9.3/junit-platform-engine-1.9.3.jar:"/>
    <property name="sun.cpu.endian" value="little"/>
    <property name="user.home" value="/Users/saicharan"/>
    <property name="user.language" value="en"/>
    <property name="java.specification.vendor" value="Oracle Corporation"/>
    <property name="java.version.date" value="2023-04-18"/>
    <property name="java.home" value="/Library/Java/JavaVirtualMachines/jdk-17.jdk/Contents/Home"/>
    <property name="file.separator" value="/"/>
    <property name="basedir" value="/Users/saicharan/Downloads/learning/ams"/>
    <property name="java.vm.compressedOopsMode" value="Zero based"/>
    <property name="line.separator" value="&#10;"/>
    <property name="java.specification.name" value="Java Platform API Specification"/>
    <property name="java.vm.specification.vendor" value="Oracle Corporation"/>
    <property name="surefire.real.class.path" value="/Users/saicharan/Downloads/learning/ams/target/surefire/surefirebooter16936027129722557173.jar"/>
    <property name="sun.management.compiler" value="HotSpot 64-Bit Tiered Compilers"/>
    <property name="ftp.nonProxyHosts" value="local|*.local|169.254/16|*.169.254/16"/>
    <property name="java.runtime.version" value="17.0.7+8-LTS-224"/>
    <property name="user.name" value="saicharan"/>
    <property name="path.separator" value=":"/>
    <property name="os.version" value="13.5.2"/>
    <property name="java.runtime.name" value="Java(TM) SE Runtime Environment"/>
    <property name="file.encoding" value="UTF-8"/>
    <property name="java.vm.name" value="Java HotSpot(TM) 64-Bit Server VM"/>
    <property name="localRepository" value="/Users/saicharan/.m2/repository"/>
    <property name="java.vendor.url.bug" value="https://bugreport.java.com/bugreport/"/>
    <property name="java.io.tmpdir" value="/var/folders/jy/chktc7fd3j542m_jxtl6dq2w0000gn/T/"/>
    <property name="java.version" value="17.0.7"/>
    <property name="user.dir" value="/Users/saicharan/Downloads/learning/ams"/>
    <property name="os.arch" value="aarch64"/>
    <property name="java.vm.specification.name" value="Java Virtual Machine Specification"/>
    <property name="native.encoding" value="UTF-8"/>
    <property name="java.library.path" value="/Users/saicharan/Library/Java/Extensions:/Library/Java/Extensions:/Network/Library/Java/Extensions:/System/Library/Java/Extensions:/usr/lib/java:."/>
    <property name="java.vm.info" value="mixed mode, sharing"/>
    <property name="java.vendor" value="Oracle Corporation"/>
    <property name="java.vm.version" value="17.0.7+8-LTS-224"/>
    <property name="sun.io.unicode.encoding" value="UnicodeBig"/>
    <property name="socksNonProxyHosts" value="local|*.local|169.254/16|*.169.254/16"/>
    <property name="java.class.version" value="61.0"/>
  </properties>
  <testcase name="shouldProcessEvents" classname="com.example.ams.EventCaptureControllerIntegrationTest" time="0.275"/>
  <testcase name="shouldTriggerAlertBySlidingWindow" classname="com.example.ams.EventCaptureControllerIntegrationTest" time="0.437"/>
  <testcase name="shouldTriggerAlertBySimpleCount" classname="com.example.ams.EventCaptureControllerIntegrationTest" time="0.011"/>
</testsuite>